2020-01-30 11:17:23,945 ERROR [main][][org.onap.vfc.nfvo.multivimproxy.common.util.restclient.RestfulConfigure 134] /home/root1/opensourceOnap/vf-c/30-01-code/multivimproxy/service/etc/conf/restclient.jsonisn't exist.
2020-01-30 11:17:23,961 ERROR [main][][org.onap.vfc.nfvo.multivimproxy.common.util.restclient.RestfulConfigure 103] failed to load json from /home/root1/opensourceOnap/vf-c/30-01-code/multivimproxy/service/etc/conf/restclient.json
2020-01-30 11:17:24,216 ERROR [main][][org.onap.vfc.nfvo.multivimproxy.common.util.RestfulUtil 329] result from  url:null result:null
2020-01-30 11:17:24,258 ERROR [main][][org.onap.vfc.nfvo.multivimproxy.common.util.RestfulUtil 101] function=getResponseObj, content : {"ResponseContent":"123"}
2020-01-30 11:17:24,461 ERROR [main][][org.onap.vfc.nfvo.multivimproxy.common.util.RestfulUtil 276] function=getRestRes, msg=error occurs, e={}.
java.lang.NoSuchMethodException: no such method: org.onap.vfc.nfvo.multivimproxy.common.util.restclient.HttpRest.123(String)RestfulResponse/invokeVirtual
	at java.lang.invoke.MemberName.makeAccessException(MemberName.java:871) ~[?:1.8.0_201]
	at java.lang.invoke.MemberName$Factory.resolveOrFail(MemberName.java:1003) ~[?:1.8.0_201]
	at java.lang.invoke.MethodHandles$Lookup.resolveOrFail(MethodHandles.java:1386) ~[?:1.8.0_201]
	at java.lang.invoke.MethodHandles$Lookup.findVirtual(MethodHandles.java:861) ~[?:1.8.0_201]
	at org.onap.vfc.nfvo.multivimproxy.common.util.RestfulUtil.getRestRes(RestfulUtil.java:267) [classes/:?]
	at org.onap.vfc.nfvo.multivimproxy.common.util.RestfulUtilTest.testGetRestResReflectiveOperationException(RestfulUtilTest.java:115) [test-classes/:?]
	at sun.reflect.NativeMethodAccessorImpl.invoke0(Native Method) ~[?:1.8.0_201]
	at sun.reflect.NativeMethodAccessorImpl.invoke(NativeMethodAccessorImpl.java:62) ~[?:1.8.0_201]
	at sun.reflect.DelegatingMethodAccessorImpl.invoke(DelegatingMethodAccessorImpl.java:43) ~[?:1.8.0_201]
	at java.lang.reflect.Method.invoke(Method.java:498) ~[?:1.8.0_201]
	at org.junit.runners.model.FrameworkMethod$1.runReflectiveCall(FrameworkMethod.java:50) [junit-4.12.jar:4.12]
	at org.junit.internal.runners.model.ReflectiveCallable.run(ReflectiveCallable.java:12) [junit-4.12.jar:4.12]
	at org.junit.runners.model.FrameworkMethod.invokeExplosively(FrameworkMethod.java:47) [junit-4.12.jar:4.12]
	at mockit.integration.junit4.internal.JUnit4TestRunnerDecorator.executeTestMethod(JUnit4TestRunnerDecorator.java:156) [jmockit-1.19.jar:?]
	at mockit.integration.junit4.internal.JUnit4TestRunnerDecorator.invokeExplosively(JUnit4TestRunnerDecorator.java:65) [jmockit-1.19.jar:?]
	at mockit.integration.junit4.internal.MockFrameworkMethod.invokeExplosively(MockFrameworkMethod.java:37) [jmockit-1.19.jar:?]
	at org.junit.runners.model.FrameworkMethod.invokeExplosively(FrameworkMethod.java) [junit-4.12.jar:4.12]
	at org.junit.internal.runners.statements.InvokeMethod.evaluate(InvokeMethod.java:17) [junit-4.12.jar:4.12]
	at org.junit.runners.ParentRunner.runLeaf(ParentRunner.java:325) [junit-4.12.jar:4.12]
	at org.junit.runners.BlockJUnit4ClassRunner.runChild(BlockJUnit4ClassRunner.java:78) [junit-4.12.jar:4.12]
	at org.junit.runners.BlockJUnit4ClassRunner.runChild(BlockJUnit4ClassRunner.java:57) [junit-4.12.jar:4.12]
	at org.junit.runners.ParentRunner$3.run(ParentRunner.java:290) [junit-4.12.jar:4.12]
	at org.junit.runners.ParentRunner$1.schedule(ParentRunner.java:71) [junit-4.12.jar:4.12]
	at org.junit.runners.ParentRunner.runChildren(ParentRunner.java:288) [junit-4.12.jar:4.12]
	at org.junit.runners.ParentRunner.access$000(ParentRunner.java:58) [junit-4.12.jar:4.12]
	at org.junit.runners.ParentRunner$2.evaluate(ParentRunner.java:268) [junit-4.12.jar:4.12]
	at org.junit.runners.ParentRunner.run(ParentRunner.java:363) [junit-4.12.jar:4.12]
	at org.apache.maven.surefire.junit4.JUnit4Provider.execute(JUnit4Provider.java:344) [surefire-junit4-2.19.jar:2.19]
	at org.apache.maven.surefire.junit4.JUnit4Provider.executeWithRerun(JUnit4Provider.java:269) [surefire-junit4-2.19.jar:2.19]
	at org.apache.maven.surefire.junit4.JUnit4Provider.executeTestSet(JUnit4Provider.java:240) [surefire-junit4-2.19.jar:2.19]
	at org.apache.maven.surefire.junit4.JUnit4Provider.invoke(JUnit4Provider.java:184) [surefire-junit4-2.19.jar:2.19]
	at org.apache.maven.surefire.booter.ForkedBooter.invokeProviderInSameClassLoader(ForkedBooter.java:286) [surefire-booter-2.19.jar:2.19]
	at org.apache.maven.surefire.booter.ForkedBooter.runSuitesInProcess(ForkedBooter.java:240) [surefire-booter-2.19.jar:2.19]
	at org.apache.maven.surefire.booter.ForkedBooter.main(ForkedBooter.java:121) [surefire-booter-2.19.jar:2.19]
Caused by: java.lang.NoSuchFieldError: method resolution failed
	at java.lang.invoke.MethodHandleNatives.resolve(Native Method) ~[?:1.8.0_201]
	at java.lang.invoke.MemberName$Factory.resolve(MemberName.java:975) ~[?:1.8.0_201]
	at java.lang.invoke.MemberName$Factory.resolveOrFail(MemberName.java:1000) ~[?:1.8.0_201]
	... 32 more
2020-01-30 11:17:24,509 ERROR [main][][org.onap.vfc.nfvo.multivimproxy.common.util.RestfulUtil 309] getResources error:net.sf.json.JSONException: JSONObject["data"] is not a JSONArray.
2020-01-30 11:17:24,541 ERROR [main][][org.onap.vfc.nfvo.multivimproxy.common.util.RestfulUtil 101] function=getResponseObj, content : {"ResponseContent":"123"}
2020-01-30 11:17:24,645 ERROR [main][][org.onap.vfc.nfvo.multivimproxy.common.util.RestfulUtil 107] function=getResponseObj, exception : {}
net.sf.json.JSONException: null
	at org.onap.vfc.nfvo.multivimproxy.common.util.RestfulUtilTest$4.getResponseContent(RestfulUtilTest.java:97) ~[test-classes/:?]
	at sun.reflect.NativeMethodAccessorImpl.invoke0(Native Method) ~[?:1.8.0_201]
	at sun.reflect.NativeMethodAccessorImpl.invoke(NativeMethodAccessorImpl.java:62) ~[?:1.8.0_201]
	at sun.reflect.DelegatingMethodAccessorImpl.invoke(DelegatingMethodAccessorImpl.java:43) ~[?:1.8.0_201]
	at java.lang.reflect.Method.invoke(Method.java:498) ~[?:1.8.0_201]
	at mockit.internal.util.MethodReflection.invokeWithCheckedThrows(MethodReflection.java:128) ~[jmockit-1.19.jar:?]
	at mockit.internal.util.MethodReflection.invokeWithCheckedThrows(MethodReflection.java:83) ~[jmockit-1.19.jar:?]
	at mockit.internal.mockups.MockMethodBridge.executeSimpleMockMethod(MockMethodBridge.java:77) ~[jmockit-1.19.jar:?]
	at mockit.internal.mockups.MockMethodBridge.callMock(MockMethodBridge.java:52) ~[jmockit-1.19.jar:?]
	at mockit.internal.mockups.MockMethodBridge.invoke(MockMethodBridge.java:39) ~[jmockit-1.19.jar:?]
	at org.onap.vfc.nfvo.multivimproxy.common.util.RestfulUtil.getResponseContent(RestfulUtil.java) ~[classes/:?]
	at org.onap.vfc.nfvo.multivimproxy.common.util.RestfulUtil.getResponseObj(RestfulUtil.java:100) [classes/:?]
	at org.onap.vfc.nfvo.multivimproxy.common.util.RestfulUtilTest.testGetResponseObjExpections(RestfulUtilTest.java:100) [test-classes/:?]
	at sun.reflect.NativeMethodAccessorImpl.invoke0(Native Method) ~[?:1.8.0_201]
	at sun.reflect.NativeMethodAccessorImpl.invoke(NativeMethodAccessorImpl.java:62) ~[?:1.8.0_201]
	at sun.reflect.DelegatingMethodAccessorImpl.invoke(DelegatingMethodAccessorImpl.java:43) ~[?:1.8.0_201]
	at java.lang.reflect.Method.invoke(Method.java:498) ~[?:1.8.0_201]
	at org.junit.runners.model.FrameworkMethod$1.runReflectiveCall(FrameworkMethod.java:50) [junit-4.12.jar:4.12]
	at org.junit.internal.runners.model.ReflectiveCallable.run(ReflectiveCallable.java:12) [junit-4.12.jar:4.12]
	at org.junit.runners.model.FrameworkMethod.invokeExplosively(FrameworkMethod.java:47) [junit-4.12.jar:4.12]
	at mockit.integration.junit4.internal.JUnit4TestRunnerDecorator.executeTestMethod(JUnit4TestRunnerDecorator.java:156) [jmockit-1.19.jar:?]
	at mockit.integration.junit4.internal.JUnit4TestRunnerDecorator.invokeExplosively(JUnit4TestRunnerDecorator.java:65) [jmockit-1.19.jar:?]
	at mockit.integration.junit4.internal.MockFrameworkMethod.invokeExplosively(MockFrameworkMethod.java:37) [jmockit-1.19.jar:?]
	at org.junit.runners.model.FrameworkMethod.invokeExplosively(FrameworkMethod.java) [junit-4.12.jar:4.12]
	at org.junit.internal.runners.statements.InvokeMethod.evaluate(InvokeMethod.java:17) [junit-4.12.jar:4.12]
	at org.junit.runners.ParentRunner.runLeaf(ParentRunner.java:325) [junit-4.12.jar:4.12]
	at org.junit.runners.BlockJUnit4ClassRunner.runChild(BlockJUnit4ClassRunner.java:78) [junit-4.12.jar:4.12]
	at org.junit.runners.BlockJUnit4ClassRunner.runChild(BlockJUnit4ClassRunner.java:57) [junit-4.12.jar:4.12]
	at org.junit.runners.ParentRunner$3.run(ParentRunner.java:290) [junit-4.12.jar:4.12]
	at org.junit.runners.ParentRunner$1.schedule(ParentRunner.java:71) [junit-4.12.jar:4.12]
	at org.junit.runners.ParentRunner.runChildren(ParentRunner.java:288) [junit-4.12.jar:4.12]
	at org.junit.runners.ParentRunner.access$000(ParentRunner.java:58) [junit-4.12.jar:4.12]
	at org.junit.runners.ParentRunner$2.evaluate(ParentRunner.java:268) [junit-4.12.jar:4.12]
	at org.junit.runners.ParentRunner.run(ParentRunner.java:363) [junit-4.12.jar:4.12]
	at org.apache.maven.surefire.junit4.JUnit4Provider.execute(JUnit4Provider.java:344) [surefire-junit4-2.19.jar:2.19]
	at org.apache.maven.surefire.junit4.JUnit4Provider.executeWithRerun(JUnit4Provider.java:269) [surefire-junit4-2.19.jar:2.19]
	at org.apache.maven.surefire.junit4.JUnit4Provider.executeTestSet(JUnit4Provider.java:240) [surefire-junit4-2.19.jar:2.19]
	at org.apache.maven.surefire.junit4.JUnit4Provider.invoke(JUnit4Provider.java:184) [surefire-junit4-2.19.jar:2.19]
	at org.apache.maven.surefire.booter.ForkedBooter.invokeProviderInSameClassLoader(ForkedBooter.java:286) [surefire-booter-2.19.jar:2.19]
	at org.apache.maven.surefire.booter.ForkedBooter.runSuitesInProcess(ForkedBooter.java:240) [surefire-booter-2.19.jar:2.19]
	at org.apache.maven.surefire.booter.ForkedBooter.main(ForkedBooter.java:121) [surefire-booter-2.19.jar:2.19]
2020-01-30 11:17:24,657 ERROR [main][][org.onap.vfc.nfvo.multivimproxy.common.util.RestfulUtil 276] function=getRestRes, msg=error occurs, e={}.
java.lang.NoSuchMethodException: no such method: org.onap.vfc.nfvo.multivimproxy.common.util.restclient.HttpRest.async123(RestfulAsyncCallback)void/invokeVirtual
	at java.lang.invoke.MemberName.makeAccessException(MemberName.java:871) ~[?:1.8.0_201]
	at java.lang.invoke.MemberName$Factory.resolveOrFail(MemberName.java:1003) ~[?:1.8.0_201]
	at java.lang.invoke.MethodHandles$Lookup.resolveOrFail(MethodHandles.java:1386) ~[?:1.8.0_201]
	at java.lang.invoke.MethodHandles$Lookup.findVirtual(MethodHandles.java:861) ~[?:1.8.0_201]
	at org.onap.vfc.nfvo.multivimproxy.common.util.RestfulUtil.getRestRes(RestfulUtil.java:267) [classes/:?]
	at org.onap.vfc.nfvo.multivimproxy.common.util.RestfulUtilTest.testGetRestRes(RestfulUtilTest.java:122) [test-classes/:?]
	at sun.reflect.NativeMethodAccessorImpl.invoke0(Native Method) ~[?:1.8.0_201]
	at sun.reflect.NativeMethodAccessorImpl.invoke(NativeMethodAccessorImpl.java:62) ~[?:1.8.0_201]
	at sun.reflect.DelegatingMethodAccessorImpl.invoke(DelegatingMethodAccessorImpl.java:43) ~[?:1.8.0_201]
	at java.lang.reflect.Method.invoke(Method.java:498) ~[?:1.8.0_201]
	at org.junit.runners.model.FrameworkMethod$1.runReflectiveCall(FrameworkMethod.java:50) [junit-4.12.jar:4.12]
	at org.junit.internal.runners.model.ReflectiveCallable.run(ReflectiveCallable.java:12) [junit-4.12.jar:4.12]
	at org.junit.runners.model.FrameworkMethod.invokeExplosively(FrameworkMethod.java:47) [junit-4.12.jar:4.12]
	at mockit.integration.junit4.internal.JUnit4TestRunnerDecorator.executeTestMethod(JUnit4TestRunnerDecorator.java:156) [jmockit-1.19.jar:?]
	at mockit.integration.junit4.internal.JUnit4TestRunnerDecorator.invokeExplosively(JUnit4TestRunnerDecorator.java:65) [jmockit-1.19.jar:?]
	at mockit.integration.junit4.internal.MockFrameworkMethod.invokeExplosively(MockFrameworkMethod.java:37) [jmockit-1.19.jar:?]
	at org.junit.runners.model.FrameworkMethod.invokeExplosively(FrameworkMethod.java) [junit-4.12.jar:4.12]
	at org.junit.internal.runners.statements.InvokeMethod.evaluate(InvokeMethod.java:17) [junit-4.12.jar:4.12]
	at org.junit.runners.ParentRunner.runLeaf(ParentRunner.java:325) [junit-4.12.jar:4.12]
	at org.junit.runners.BlockJUnit4ClassRunner.runChild(BlockJUnit4ClassRunner.java:78) [junit-4.12.jar:4.12]
	at org.junit.runners.BlockJUnit4ClassRunner.runChild(BlockJUnit4ClassRunner.java:57) [junit-4.12.jar:4.12]
	at org.junit.runners.ParentRunner$3.run(ParentRunner.java:290) [junit-4.12.jar:4.12]
	at org.junit.runners.ParentRunner$1.schedule(ParentRunner.java:71) [junit-4.12.jar:4.12]
	at org.junit.runners.ParentRunner.runChildren(ParentRunner.java:288) [junit-4.12.jar:4.12]
	at org.junit.runners.ParentRunner.access$000(ParentRunner.java:58) [junit-4.12.jar:4.12]
	at org.junit.runners.ParentRunner$2.evaluate(ParentRunner.java:268) [junit-4.12.jar:4.12]
	at org.junit.runners.ParentRunner.run(ParentRunner.java:363) [junit-4.12.jar:4.12]
	at org.apache.maven.surefire.junit4.JUnit4Provider.execute(JUnit4Provider.java:344) [surefire-junit4-2.19.jar:2.19]
	at org.apache.maven.surefire.junit4.JUnit4Provider.executeWithRerun(JUnit4Provider.java:269) [surefire-junit4-2.19.jar:2.19]
	at org.apache.maven.surefire.junit4.JUnit4Provider.executeTestSet(JUnit4Provider.java:240) [surefire-junit4-2.19.jar:2.19]
	at org.apache.maven.surefire.junit4.JUnit4Provider.invoke(JUnit4Provider.java:184) [surefire-junit4-2.19.jar:2.19]
	at org.apache.maven.surefire.booter.ForkedBooter.invokeProviderInSameClassLoader(ForkedBooter.java:286) [surefire-booter-2.19.jar:2.19]
	at org.apache.maven.surefire.booter.ForkedBooter.runSuitesInProcess(ForkedBooter.java:240) [surefire-booter-2.19.jar:2.19]
	at org.apache.maven.surefire.booter.ForkedBooter.main(ForkedBooter.java:121) [surefire-booter-2.19.jar:2.19]
Caused by: java.lang.NoSuchFieldError: method resolution failed
	at java.lang.invoke.MethodHandleNatives.resolve(Native Method) ~[?:1.8.0_201]
	at java.lang.invoke.MemberName$Factory.resolve(MemberName.java:975) ~[?:1.8.0_201]
	at java.lang.invoke.MemberName$Factory.resolveOrFail(MemberName.java:1000) ~[?:1.8.0_201]
	... 32 more
2020-01-30 11:17:24,680 ERROR [main][][org.onap.vfc.nfvo.multivimproxy.common.util.RestfulUtil 345] getResources error:net.sf.json.JSONException: JSONObject[""] is not a JSONArray.
2020-01-30 11:17:24,957 ERROR [main][][org.onap.vfc.nfvo.multivimproxy.common.util.request.RequestUtil 91] function=getJsonRequestBody, maybe request param is not a jsonobject exception: {}
net.sf.json.JSONException: null
	at org.onap.vfc.nfvo.multivimproxy.common.util.request.RequestUtilTest$7.getInputStream(RequestUtilTest.java:142) ~[test-classes/:?]
	at sun.reflect.NativeMethodAccessorImpl.invoke0(Native Method) ~[?:1.8.0_201]
	at sun.reflect.NativeMethodAccessorImpl.invoke(NativeMethodAccessorImpl.java:62) ~[?:1.8.0_201]
	at sun.reflect.DelegatingMethodAccessorImpl.invoke(DelegatingMethodAccessorImpl.java:43) ~[?:1.8.0_201]
	at java.lang.reflect.Method.invoke(Method.java:498) ~[?:1.8.0_201]
	at mockit.internal.util.MethodReflection.invokeWithCheckedThrows(MethodReflection.java:128) ~[jmockit-1.19.jar:?]
	at mockit.internal.util.MethodReflection.invokeWithCheckedThrows(MethodReflection.java:83) ~[jmockit-1.19.jar:?]
	at mockit.internal.mockups.MockMethodBridge.executeSimpleMockMethod(MockMethodBridge.java:77) ~[jmockit-1.19.jar:?]
	at mockit.internal.mockups.MockMethodBridge.callMock(MockMethodBridge.java:52) ~[jmockit-1.19.jar:?]
	at mockit.internal.mockups.MockMethodBridge.invoke(MockMethodBridge.java:39) ~[jmockit-1.19.jar:?]
	at org.apache.cxf.jaxrs.impl.HttpServletRequestFilter.getInputStream(HttpServletRequestFilter.java) ~[cxf-rt-frontend-jaxrs-3.1.17.jar:3.1.17]
	at org.onap.vfc.nfvo.multivimproxy.common.util.request.RequestUtil.getStringRequestBody(RequestUtil.java:71) ~[classes/:?]
	at org.onap.vfc.nfvo.multivimproxy.common.util.request.RequestUtil.getJsonRequestBody(RequestUtil.java:88) [classes/:?]
	at org.onap.vfc.nfvo.multivimproxy.common.util.request.RequestUtilTest.testGetJsonRequestBodyException(RequestUtilTest.java:145) [test-classes/:?]
	at sun.reflect.NativeMethodAccessorImpl.invoke0(Native Method) ~[?:1.8.0_201]
	at sun.reflect.NativeMethodAccessorImpl.invoke(NativeMethodAccessorImpl.java:62) ~[?:1.8.0_201]
	at sun.reflect.DelegatingMethodAccessorImpl.invoke(DelegatingMethodAccessorImpl.java:43) ~[?:1.8.0_201]
	at java.lang.reflect.Method.invoke(Method.java:498) ~[?:1.8.0_201]
	at org.junit.runners.model.FrameworkMethod$1.runReflectiveCall(FrameworkMethod.java:50) [junit-4.12.jar:4.12]
	at org.junit.internal.runners.model.ReflectiveCallable.run(ReflectiveCallable.java:12) [junit-4.12.jar:4.12]
	at org.junit.runners.model.FrameworkMethod.invokeExplosively(FrameworkMethod.java:47) [junit-4.12.jar:4.12]
	at mockit.integration.junit4.internal.JUnit4TestRunnerDecorator.executeTestMethod(JUnit4TestRunnerDecorator.java:156) [jmockit-1.19.jar:?]
	at mockit.integration.junit4.internal.JUnit4TestRunnerDecorator.invokeExplosively(JUnit4TestRunnerDecorator.java:65) [jmockit-1.19.jar:?]
	at mockit.integration.junit4.internal.MockFrameworkMethod.invokeExplosively(MockFrameworkMethod.java:37) [jmockit-1.19.jar:?]
	at org.junit.runners.model.FrameworkMethod.invokeExplosively(FrameworkMethod.java) [junit-4.12.jar:4.12]
	at org.junit.internal.runners.statements.InvokeMethod.evaluate(InvokeMethod.java:17) [junit-4.12.jar:4.12]
	at org.junit.runners.ParentRunner.runLeaf(ParentRunner.java:325) [junit-4.12.jar:4.12]
	at org.junit.runners.BlockJUnit4ClassRunner.runChild(BlockJUnit4ClassRunner.java:78) [junit-4.12.jar:4.12]
	at org.junit.runners.BlockJUnit4ClassRunner.runChild(BlockJUnit4ClassRunner.java:57) [junit-4.12.jar:4.12]
	at org.junit.runners.ParentRunner$3.run(ParentRunner.java:290) [junit-4.12.jar:4.12]
	at org.junit.runners.ParentRunner$1.schedule(ParentRunner.java:71) [junit-4.12.jar:4.12]
	at org.junit.runners.ParentRunner.runChildren(ParentRunner.java:288) [junit-4.12.jar:4.12]
	at org.junit.runners.ParentRunner.access$000(ParentRunner.java:58) [junit-4.12.jar:4.12]
	at org.junit.runners.ParentRunner$2.evaluate(ParentRunner.java:268) [junit-4.12.jar:4.12]
	at org.junit.runners.ParentRunner.run(ParentRunner.java:363) [junit-4.12.jar:4.12]
	at org.apache.maven.surefire.junit4.JUnit4Provider.execute(JUnit4Provider.java:344) [surefire-junit4-2.19.jar:2.19]
	at org.apache.maven.surefire.junit4.JUnit4Provider.executeWithRerun(JUnit4Provider.java:269) [surefire-junit4-2.19.jar:2.19]
	at org.apache.maven.surefire.junit4.JUnit4Provider.executeTestSet(JUnit4Provider.java:240) [surefire-junit4-2.19.jar:2.19]
	at org.apache.maven.surefire.junit4.JUnit4Provider.invoke(JUnit4Provider.java:184) [surefire-junit4-2.19.jar:2.19]
	at org.apache.maven.surefire.booter.ForkedBooter.invokeProviderInSameClassLoader(ForkedBooter.java:286) [surefire-booter-2.19.jar:2.19]
	at org.apache.maven.surefire.booter.ForkedBooter.runSuitesInProcess(ForkedBooter.java:240) [surefire-booter-2.19.jar:2.19]
	at org.apache.maven.surefire.booter.ForkedBooter.main(ForkedBooter.java:121) [surefire-booter-2.19.jar:2.19]
2020-01-30 11:17:24,989 ERROR [main][][org.onap.vfc.nfvo.multivimproxy.common.util.request.RequestUtil 74] function=getStringRequestBody, get httpservletrequest body exception: {}
java.io.IOException: null
	at org.onap.vfc.nfvo.multivimproxy.common.util.request.RequestUtilTest$3.getInputStream(RequestUtilTest.java:81) ~[test-classes/:?]
	at sun.reflect.NativeMethodAccessorImpl.invoke0(Native Method) ~[?:1.8.0_201]
	at sun.reflect.NativeMethodAccessorImpl.invoke(NativeMethodAccessorImpl.java:62) ~[?:1.8.0_201]
	at sun.reflect.DelegatingMethodAccessorImpl.invoke(DelegatingMethodAccessorImpl.java:43) ~[?:1.8.0_201]
	at java.lang.reflect.Method.invoke(Method.java:498) ~[?:1.8.0_201]
	at mockit.internal.util.MethodReflection.invokeWithCheckedThrows(MethodReflection.java:128) ~[jmockit-1.19.jar:?]
	at mockit.internal.util.MethodReflection.invokeWithCheckedThrows(MethodReflection.java:83) ~[jmockit-1.19.jar:?]
	at mockit.internal.mockups.MockMethodBridge.executeSimpleMockMethod(MockMethodBridge.java:77) ~[jmockit-1.19.jar:?]
	at mockit.internal.mockups.MockMethodBridge.callMock(MockMethodBridge.java:52) ~[jmockit-1.19.jar:?]
	at mockit.internal.mockups.MockMethodBridge.invoke(MockMethodBridge.java:39) ~[jmockit-1.19.jar:?]
	at org.apache.cxf.jaxrs.impl.HttpServletRequestFilter.getInputStream(HttpServletRequestFilter.java) ~[cxf-rt-frontend-jaxrs-3.1.17.jar:3.1.17]
	at org.onap.vfc.nfvo.multivimproxy.common.util.request.RequestUtil.getStringRequestBody(RequestUtil.java:71) [classes/:?]
	at org.onap.vfc.nfvo.multivimproxy.common.util.request.RequestUtilTest.testGetStringRequestBodyException(RequestUtilTest.java:84) [test-classes/:?]
	at sun.reflect.NativeMethodAccessorImpl.invoke0(Native Method) ~[?:1.8.0_201]
	at sun.reflect.NativeMethodAccessorImpl.invoke(NativeMethodAccessorImpl.java:62) ~[?:1.8.0_201]
	at sun.reflect.DelegatingMethodAccessorImpl.invoke(DelegatingMethodAccessorImpl.java:43) ~[?:1.8.0_201]
	at java.lang.reflect.Method.invoke(Method.java:498) ~[?:1.8.0_201]
	at org.junit.runners.model.FrameworkMethod$1.runReflectiveCall(FrameworkMethod.java:50) [junit-4.12.jar:4.12]
	at org.junit.internal.runners.model.ReflectiveCallable.run(ReflectiveCallable.java:12) [junit-4.12.jar:4.12]
	at org.junit.runners.model.FrameworkMethod.invokeExplosively(FrameworkMethod.java:47) [junit-4.12.jar:4.12]
	at mockit.integration.junit4.internal.JUnit4TestRunnerDecorator.executeTestMethod(JUnit4TestRunnerDecorator.java:156) [jmockit-1.19.jar:?]
	at mockit.integration.junit4.internal.JUnit4TestRunnerDecorator.invokeExplosively(JUnit4TestRunnerDecorator.java:65) [jmockit-1.19.jar:?]
	at mockit.integration.junit4.internal.MockFrameworkMethod.invokeExplosively(MockFrameworkMethod.java:37) [jmockit-1.19.jar:?]
	at org.junit.runners.model.FrameworkMethod.invokeExplosively(FrameworkMethod.java) [junit-4.12.jar:4.12]
	at org.junit.internal.runners.statements.InvokeMethod.evaluate(InvokeMethod.java:17) [junit-4.12.jar:4.12]
	at org.junit.runners.ParentRunner.runLeaf(ParentRunner.java:325) [junit-4.12.jar:4.12]
	at org.junit.runners.BlockJUnit4ClassRunner.runChild(BlockJUnit4ClassRunner.java:78) [junit-4.12.jar:4.12]
	at org.junit.runners.BlockJUnit4ClassRunner.runChild(BlockJUnit4ClassRunner.java:57) [junit-4.12.jar:4.12]
	at org.junit.runners.ParentRunner$3.run(ParentRunner.java:290) [junit-4.12.jar:4.12]
	at org.junit.runners.ParentRunner$1.schedule(ParentRunner.java:71) [junit-4.12.jar:4.12]
	at org.junit.runners.ParentRunner.runChildren(ParentRunner.java:288) [junit-4.12.jar:4.12]
	at org.junit.runners.ParentRunner.access$000(ParentRunner.java:58) [junit-4.12.jar:4.12]
	at org.junit.runners.ParentRunner$2.evaluate(ParentRunner.java:268) [junit-4.12.jar:4.12]
	at org.junit.runners.ParentRunner.run(ParentRunner.java:363) [junit-4.12.jar:4.12]
	at org.apache.maven.surefire.junit4.JUnit4Provider.execute(JUnit4Provider.java:344) [surefire-junit4-2.19.jar:2.19]
	at org.apache.maven.surefire.junit4.JUnit4Provider.executeWithRerun(JUnit4Provider.java:269) [surefire-junit4-2.19.jar:2.19]
	at org.apache.maven.surefire.junit4.JUnit4Provider.executeTestSet(JUnit4Provider.java:240) [surefire-junit4-2.19.jar:2.19]
	at org.apache.maven.surefire.junit4.JUnit4Provider.invoke(JUnit4Provider.java:184) [surefire-junit4-2.19.jar:2.19]
	at org.apache.maven.surefire.booter.ForkedBooter.invokeProviderInSameClassLoader(ForkedBooter.java:286) [surefire-booter-2.19.jar:2.19]
	at org.apache.maven.surefire.booter.ForkedBooter.runSuitesInProcess(ForkedBooter.java:240) [surefire-booter-2.19.jar:2.19]
	at org.apache.maven.surefire.booter.ForkedBooter.main(ForkedBooter.java:121) [surefire-booter-2.19.jar:2.19]
2020-01-30 11:17:25,059 ERROR [main][][org.onap.vfc.nfvo.multivimproxy.common.util.request.RequestUtil 107] get httpservletrequest body exception
2020-01-30 11:17:25,060 WARN  [main][][org.onap.vfc.nfvo.multivimproxy.common.util.request.RequestUtil 110] function=getAllJsonRequestBody; msg=get request data is:[{}]
2020-01-30 11:17:25,195 ERROR [main][][org.onap.vfc.nfvo.multivimproxy.common.util.request.RequestUtil 107] get httpservletrequest body exception
2020-01-30 11:17:25,195 WARN  [main][][org.onap.vfc.nfvo.multivimproxy.common.util.request.RequestUtil 110] function=getAllJsonRequestBody; msg=get request data is:[{}]
2020-01-30 11:17:25,223 INFO  [main][][org.onap.vfc.nfvo.multivimproxy.common.util.StringUtil 68] isAnyLargeThanZero : 123 is > 0
2020-01-30 11:17:25,569 ERROR [main][][org.onap.vfc.nfvo.multivimproxy.common.util.JsonUtil 155] function=getJsonFieldLong, exception: {} 
net.sf.json.JSONException: JSONObject["a"] is not a JSONObject.
	at net.sf.json.JSONObject.getJSONObject(JSONObject.java:2058) ~[json-lib-2.4-jdk15.jar:?]
	at org.onap.vfc.nfvo.multivimproxy.common.util.JsonUtil.getJsonFieldObject(JsonUtil.java:143) [classes/:?]
	at org.onap.vfc.nfvo.multivimproxy.common.util.JsonUtil.getJsonFieldJson(JsonUtil.java:102) [classes/:?]
	at org.onap.vfc.nfvo.multivimproxy.common.util.JsonUtilTest.testGetJsonFieldObjectException(JsonUtilTest.java:101) [test-classes/:?]
	at sun.reflect.NativeMethodAccessorImpl.invoke0(Native Method) ~[?:1.8.0_201]
	at sun.reflect.NativeMethodAccessorImpl.invoke(NativeMethodAccessorImpl.java:62) ~[?:1.8.0_201]
	at sun.reflect.DelegatingMethodAccessorImpl.invoke(DelegatingMethodAccessorImpl.java:43) ~[?:1.8.0_201]
	at java.lang.reflect.Method.invoke(Method.java:498) ~[?:1.8.0_201]
	at org.junit.runners.model.FrameworkMethod$1.runReflectiveCall(FrameworkMethod.java:50) [junit-4.12.jar:4.12]
	at org.junit.internal.runners.model.ReflectiveCallable.run(ReflectiveCallable.java:12) [junit-4.12.jar:4.12]
	at org.junit.runners.model.FrameworkMethod.invokeExplosively(FrameworkMethod.java:47) [junit-4.12.jar:4.12]
	at mockit.integration.junit4.internal.JUnit4TestRunnerDecorator.executeTestMethod(JUnit4TestRunnerDecorator.java:156) [jmockit-1.19.jar:?]
	at mockit.integration.junit4.internal.JUnit4TestRunnerDecorator.invokeExplosively(JUnit4TestRunnerDecorator.java:65) [jmockit-1.19.jar:?]
	at mockit.integration.junit4.internal.MockFrameworkMethod.invokeExplosively(MockFrameworkMethod.java:37) [jmockit-1.19.jar:?]
	at org.junit.runners.model.FrameworkMethod.invokeExplosively(FrameworkMethod.java) [junit-4.12.jar:4.12]
	at org.junit.internal.runners.statements.InvokeMethod.evaluate(InvokeMethod.java:17) [junit-4.12.jar:4.12]
	at org.junit.runners.ParentRunner.runLeaf(ParentRunner.java:325) [junit-4.12.jar:4.12]
	at org.junit.runners.BlockJUnit4ClassRunner.runChild(BlockJUnit4ClassRunner.java:78) [junit-4.12.jar:4.12]
	at org.junit.runners.BlockJUnit4ClassRunner.runChild(BlockJUnit4ClassRunner.java:57) [junit-4.12.jar:4.12]
	at org.junit.runners.ParentRunner$3.run(ParentRunner.java:290) [junit-4.12.jar:4.12]
	at org.junit.runners.ParentRunner$1.schedule(ParentRunner.java:71) [junit-4.12.jar:4.12]
	at org.junit.runners.ParentRunner.runChildren(ParentRunner.java:288) [junit-4.12.jar:4.12]
	at org.junit.runners.ParentRunner.access$000(ParentRunner.java:58) [junit-4.12.jar:4.12]
	at org.junit.runners.ParentRunner$2.evaluate(ParentRunner.java:268) [junit-4.12.jar:4.12]
	at org.junit.runners.ParentRunner.run(ParentRunner.java:363) [junit-4.12.jar:4.12]
	at org.apache.maven.surefire.junit4.JUnit4Provider.execute(JUnit4Provider.java:344) [surefire-junit4-2.19.jar:2.19]
	at org.apache.maven.surefire.junit4.JUnit4Provider.executeWithRerun(JUnit4Provider.java:269) [surefire-junit4-2.19.jar:2.19]
	at org.apache.maven.surefire.junit4.JUnit4Provider.executeTestSet(JUnit4Provider.java:240) [surefire-junit4-2.19.jar:2.19]
	at org.apache.maven.surefire.junit4.JUnit4Provider.invoke(JUnit4Provider.java:184) [surefire-junit4-2.19.jar:2.19]
	at org.apache.maven.surefire.booter.ForkedBooter.invokeProviderInSameClassLoader(ForkedBooter.java:286) [surefire-booter-2.19.jar:2.19]
	at org.apache.maven.surefire.booter.ForkedBooter.runSuitesInProcess(ForkedBooter.java:240) [surefire-booter-2.19.jar:2.19]
	at org.apache.maven.surefire.booter.ForkedBooter.main(ForkedBooter.java:121) [surefire-booter-2.19.jar:2.19]
2020-01-30 11:17:27,798 INFO  [main][][org.onap.vfc.nfvo.multivimproxy.common.util.restclient.RestHttpContentExchange 138] Request has bend send complete:path:/the/request/uri
2020-01-30 11:17:27,799 INFO  [main][][org.onap.vfc.nfvo.multivimproxy.common.util.restclient.RestHttpContentExchange 138] Request has bend send complete:path:/the/request/uri
2020-01-30 11:17:27,800 INFO  [main][][org.onap.vfc.nfvo.multivimproxy.common.util.restclient.RestHttpContentExchange 130] Request Header has been send:path:/the/request/uri
2020-01-30 11:17:27,801 INFO  [main][][org.onap.vfc.nfvo.multivimproxy.common.util.restclient.RestHttpContentExchange 130] Request Header has been send:path:/the/request/uri
2020-01-30 11:17:27,870 WARN  [main][][org.onap.vfc.nfvo.multivimproxy.common.util.restclient.RestHttpContentExchange 145] onException:
java.lang.Exception: null
	at org.onap.vfc.nfvo.multivimproxy.common.util.restclient.TestRestHttpContentExchange.testOnExceptionThrowable(TestRestHttpContentExchange.java:357) [test-classes/:?]
	at sun.reflect.NativeMethodAccessorImpl.invoke0(Native Method) ~[?:1.8.0_201]
	at sun.reflect.NativeMethodAccessorImpl.invoke(NativeMethodAccessorImpl.java:62) ~[?:1.8.0_201]
	at sun.reflect.DelegatingMethodAccessorImpl.invoke(DelegatingMethodAccessorImpl.java:43) ~[?:1.8.0_201]
	at java.lang.reflect.Method.invoke(Method.java:498) ~[?:1.8.0_201]
	at org.junit.runners.model.FrameworkMethod$1.runReflectiveCall(FrameworkMethod.java:50) [junit-4.12.jar:4.12]
	at org.junit.internal.runners.model.ReflectiveCallable.run(ReflectiveCallable.java:12) [junit-4.12.jar:4.12]
	at org.junit.runners.model.FrameworkMethod.invokeExplosively(FrameworkMethod.java:47) [junit-4.12.jar:4.12]
	at mockit.integration.junit4.internal.JUnit4TestRunnerDecorator.executeTestMethod(JUnit4TestRunnerDecorator.java:156) [jmockit-1.19.jar:?]
	at mockit.integration.junit4.internal.JUnit4TestRunnerDecorator.invokeExplosively(JUnit4TestRunnerDecorator.java:65) [jmockit-1.19.jar:?]
	at mockit.integration.junit4.internal.MockFrameworkMethod.invokeExplosively(MockFrameworkMethod.java:37) [jmockit-1.19.jar:?]
	at org.junit.runners.model.FrameworkMethod.invokeExplosively(FrameworkMethod.java) [junit-4.12.jar:4.12]
	at org.junit.internal.runners.statements.InvokeMethod.evaluate(InvokeMethod.java:17) [junit-4.12.jar:4.12]
	at org.junit.internal.runners.statements.RunBefores.evaluate(RunBefores.java:26) [junit-4.12.jar:4.12]
	at org.junit.internal.runners.statements.RunAfters.evaluate(RunAfters.java:27) [junit-4.12.jar:4.12]
	at org.junit.rules.ExpectedException$ExpectedExceptionStatement.evaluate(ExpectedException.java:239) [junit-4.12.jar:4.12]
	at org.junit.rules.RunRules.evaluate(RunRules.java:20) [junit-4.12.jar:4.12]
	at org.junit.runners.ParentRunner.runLeaf(ParentRunner.java:325) [junit-4.12.jar:4.12]
	at org.junit.runners.BlockJUnit4ClassRunner.runChild(BlockJUnit4ClassRunner.java:78) [junit-4.12.jar:4.12]
	at org.junit.runners.BlockJUnit4ClassRunner.runChild(BlockJUnit4ClassRunner.java:57) [junit-4.12.jar:4.12]
	at org.junit.runners.ParentRunner$3.run(ParentRunner.java:290) [junit-4.12.jar:4.12]
	at org.junit.runners.ParentRunner$1.schedule(ParentRunner.java:71) [junit-4.12.jar:4.12]
	at org.junit.runners.ParentRunner.runChildren(ParentRunner.java:288) [junit-4.12.jar:4.12]
	at org.junit.runners.ParentRunner.access$000(ParentRunner.java:58) [junit-4.12.jar:4.12]
	at org.junit.runners.ParentRunner$2.evaluate(ParentRunner.java:268) [junit-4.12.jar:4.12]
	at org.junit.internal.runners.statements.RunBefores.evaluate(RunBefores.java:26) [junit-4.12.jar:4.12]
	at org.junit.internal.runners.statements.RunAfters.evaluate(RunAfters.java:27) [junit-4.12.jar:4.12]
	at org.junit.runners.ParentRunner.run(ParentRunner.java:363) [junit-4.12.jar:4.12]
	at org.apache.maven.surefire.junit4.JUnit4Provider.execute(JUnit4Provider.java:344) [surefire-junit4-2.19.jar:2.19]
	at org.apache.maven.surefire.junit4.JUnit4Provider.executeWithRerun(JUnit4Provider.java:269) [surefire-junit4-2.19.jar:2.19]
	at org.apache.maven.surefire.junit4.JUnit4Provider.executeTestSet(JUnit4Provider.java:240) [surefire-junit4-2.19.jar:2.19]
	at org.apache.maven.surefire.junit4.JUnit4Provider.invoke(JUnit4Provider.java:184) [surefire-junit4-2.19.jar:2.19]
	at org.apache.maven.surefire.booter.ForkedBooter.invokeProviderInSameClassLoader(ForkedBooter.java:286) [surefire-booter-2.19.jar:2.19]
	at org.apache.maven.surefire.booter.ForkedBooter.runSuitesInProcess(ForkedBooter.java:240) [surefire-booter-2.19.jar:2.19]
	at org.apache.maven.surefire.booter.ForkedBooter.main(ForkedBooter.java:121) [surefire-booter-2.19.jar:2.19]
2020-01-30 11:17:28,045 WARN  [main][][org.onap.vfc.nfvo.multivimproxy.common.util.restclient.RestHttpContentExchange 154] onConnectionFailed:
java.lang.Exception: null
	at org.onap.vfc.nfvo.multivimproxy.common.util.restclient.TestRestHttpContentExchange.testOnConnectionFailedThrowableException(TestRestHttpContentExchange.java:431) [test-classes/:?]
	at sun.reflect.NativeMethodAccessorImpl.invoke0(Native Method) ~[?:1.8.0_201]
	at sun.reflect.NativeMethodAccessorImpl.invoke(NativeMethodAccessorImpl.java:62) ~[?:1.8.0_201]
	at sun.reflect.DelegatingMethodAccessorImpl.invoke(DelegatingMethodAccessorImpl.java:43) ~[?:1.8.0_201]
	at java.lang.reflect.Method.invoke(Method.java:498) ~[?:1.8.0_201]
	at org.junit.runners.model.FrameworkMethod$1.runReflectiveCall(FrameworkMethod.java:50) [junit-4.12.jar:4.12]
	at org.junit.internal.runners.model.ReflectiveCallable.run(ReflectiveCallable.java:12) [junit-4.12.jar:4.12]
	at org.junit.runners.model.FrameworkMethod.invokeExplosively(FrameworkMethod.java:47) [junit-4.12.jar:4.12]
	at mockit.integration.junit4.internal.JUnit4TestRunnerDecorator.executeTestMethod(JUnit4TestRunnerDecorator.java:156) [jmockit-1.19.jar:?]
	at mockit.integration.junit4.internal.JUnit4TestRunnerDecorator.invokeExplosively(JUnit4TestRunnerDecorator.java:65) [jmockit-1.19.jar:?]
	at mockit.integration.junit4.internal.MockFrameworkMethod.invokeExplosively(MockFrameworkMethod.java:37) [jmockit-1.19.jar:?]
	at org.junit.runners.model.FrameworkMethod.invokeExplosively(FrameworkMethod.java) [junit-4.12.jar:4.12]
	at org.junit.internal.runners.statements.InvokeMethod.evaluate(InvokeMethod.java:17) [junit-4.12.jar:4.12]
	at org.junit.internal.runners.statements.RunBefores.evaluate(RunBefores.java:26) [junit-4.12.jar:4.12]
	at org.junit.internal.runners.statements.RunAfters.evaluate(RunAfters.java:27) [junit-4.12.jar:4.12]
	at org.junit.rules.ExpectedException$ExpectedExceptionStatement.evaluate(ExpectedException.java:239) [junit-4.12.jar:4.12]
	at org.junit.rules.RunRules.evaluate(RunRules.java:20) [junit-4.12.jar:4.12]
	at org.junit.runners.ParentRunner.runLeaf(ParentRunner.java:325) [junit-4.12.jar:4.12]
	at org.junit.runners.BlockJUnit4ClassRunner.runChild(BlockJUnit4ClassRunner.java:78) [junit-4.12.jar:4.12]
	at org.junit.runners.BlockJUnit4ClassRunner.runChild(BlockJUnit4ClassRunner.java:57) [junit-4.12.jar:4.12]
	at org.junit.runners.ParentRunner$3.run(ParentRunner.java:290) [junit-4.12.jar:4.12]
	at org.junit.runners.ParentRunner$1.schedule(ParentRunner.java:71) [junit-4.12.jar:4.12]
	at org.junit.runners.ParentRunner.runChildren(ParentRunner.java:288) [junit-4.12.jar:4.12]
	at org.junit.runners.ParentRunner.access$000(ParentRunner.java:58) [junit-4.12.jar:4.12]
	at org.junit.runners.ParentRunner$2.evaluate(ParentRunner.java:268) [junit-4.12.jar:4.12]
	at org.junit.internal.runners.statements.RunBefores.evaluate(RunBefores.java:26) [junit-4.12.jar:4.12]
	at org.junit.internal.runners.statements.RunAfters.evaluate(RunAfters.java:27) [junit-4.12.jar:4.12]
	at org.junit.runners.ParentRunner.run(ParentRunner.java:363) [junit-4.12.jar:4.12]
	at org.apache.maven.surefire.junit4.JUnit4Provider.execute(JUnit4Provider.java:344) [surefire-junit4-2.19.jar:2.19]
	at org.apache.maven.surefire.junit4.JUnit4Provider.executeWithRerun(JUnit4Provider.java:269) [surefire-junit4-2.19.jar:2.19]
	at org.apache.maven.surefire.junit4.JUnit4Provider.executeTestSet(JUnit4Provider.java:240) [surefire-junit4-2.19.jar:2.19]
	at org.apache.maven.surefire.junit4.JUnit4Provider.invoke(JUnit4Provider.java:184) [surefire-junit4-2.19.jar:2.19]
	at org.apache.maven.surefire.booter.ForkedBooter.invokeProviderInSameClassLoader(ForkedBooter.java:286) [surefire-booter-2.19.jar:2.19]
	at org.apache.maven.surefire.booter.ForkedBooter.runSuitesInProcess(ForkedBooter.java:240) [surefire-booter-2.19.jar:2.19]
	at org.apache.maven.surefire.booter.ForkedBooter.main(ForkedBooter.java:121) [surefire-booter-2.19.jar:2.19]
2020-01-30 11:17:28,050 WARN  [main][][org.onap.vfc.nfvo.multivimproxy.common.util.restclient.RestHttpContentExchange 154] onConnectionFailed:
java.lang.Exception: null
	at org.onap.vfc.nfvo.multivimproxy.common.util.restclient.TestRestHttpContentExchange.testOnConnectionFailedThrowable(TestRestHttpContentExchange.java:402) [test-classes/:?]
	at sun.reflect.NativeMethodAccessorImpl.invoke0(Native Method) ~[?:1.8.0_201]
	at sun.reflect.NativeMethodAccessorImpl.invoke(NativeMethodAccessorImpl.java:62) ~[?:1.8.0_201]
	at sun.reflect.DelegatingMethodAccessorImpl.invoke(DelegatingMethodAccessorImpl.java:43) ~[?:1.8.0_201]
	at java.lang.reflect.Method.invoke(Method.java:498) ~[?:1.8.0_201]
	at org.junit.runners.model.FrameworkMethod$1.runReflectiveCall(FrameworkMethod.java:50) [junit-4.12.jar:4.12]
	at org.junit.internal.runners.model.ReflectiveCallable.run(ReflectiveCallable.java:12) [junit-4.12.jar:4.12]
	at org.junit.runners.model.FrameworkMethod.invokeExplosively(FrameworkMethod.java:47) [junit-4.12.jar:4.12]
	at mockit.integration.junit4.internal.JUnit4TestRunnerDecorator.executeTestMethod(JUnit4TestRunnerDecorator.java:156) [jmockit-1.19.jar:?]
	at mockit.integration.junit4.internal.JUnit4TestRunnerDecorator.invokeExplosively(JUnit4TestRunnerDecorator.java:65) [jmockit-1.19.jar:?]
	at mockit.integration.junit4.internal.MockFrameworkMethod.invokeExplosively(MockFrameworkMethod.java:37) [jmockit-1.19.jar:?]
	at org.junit.runners.model.FrameworkMethod.invokeExplosively(FrameworkMethod.java) [junit-4.12.jar:4.12]
	at org.junit.internal.runners.statements.InvokeMethod.evaluate(InvokeMethod.java:17) [junit-4.12.jar:4.12]
	at org.junit.internal.runners.statements.RunBefores.evaluate(RunBefores.java:26) [junit-4.12.jar:4.12]
	at org.junit.internal.runners.statements.RunAfters.evaluate(RunAfters.java:27) [junit-4.12.jar:4.12]
	at org.junit.rules.ExpectedException$ExpectedExceptionStatement.evaluate(ExpectedException.java:239) [junit-4.12.jar:4.12]
	at org.junit.rules.RunRules.evaluate(RunRules.java:20) [junit-4.12.jar:4.12]
	at org.junit.runners.ParentRunner.runLeaf(ParentRunner.java:325) [junit-4.12.jar:4.12]
	at org.junit.runners.BlockJUnit4ClassRunner.runChild(BlockJUnit4ClassRunner.java:78) [junit-4.12.jar:4.12]
	at org.junit.runners.BlockJUnit4ClassRunner.runChild(BlockJUnit4ClassRunner.java:57) [junit-4.12.jar:4.12]
	at org.junit.runners.ParentRunner$3.run(ParentRunner.java:290) [junit-4.12.jar:4.12]
	at org.junit.runners.ParentRunner$1.schedule(ParentRunner.java:71) [junit-4.12.jar:4.12]
	at org.junit.runners.ParentRunner.runChildren(ParentRunner.java:288) [junit-4.12.jar:4.12]
	at org.junit.runners.ParentRunner.access$000(ParentRunner.java:58) [junit-4.12.jar:4.12]
	at org.junit.runners.ParentRunner$2.evaluate(ParentRunner.java:268) [junit-4.12.jar:4.12]
	at org.junit.internal.runners.statements.RunBefores.evaluate(RunBefores.java:26) [junit-4.12.jar:4.12]
	at org.junit.internal.runners.statements.RunAfters.evaluate(RunAfters.java:27) [junit-4.12.jar:4.12]
	at org.junit.runners.ParentRunner.run(ParentRunner.java:363) [junit-4.12.jar:4.12]
	at org.apache.maven.surefire.junit4.JUnit4Provider.execute(JUnit4Provider.java:344) [surefire-junit4-2.19.jar:2.19]
	at org.apache.maven.surefire.junit4.JUnit4Provider.executeWithRerun(JUnit4Provider.java:269) [surefire-junit4-2.19.jar:2.19]
	at org.apache.maven.surefire.junit4.JUnit4Provider.executeTestSet(JUnit4Provider.java:240) [surefire-junit4-2.19.jar:2.19]
	at org.apache.maven.surefire.junit4.JUnit4Provider.invoke(JUnit4Provider.java:184) [surefire-junit4-2.19.jar:2.19]
	at org.apache.maven.surefire.booter.ForkedBooter.invokeProviderInSameClassLoader(ForkedBooter.java:286) [surefire-booter-2.19.jar:2.19]
	at org.apache.maven.surefire.booter.ForkedBooter.runSuitesInProcess(ForkedBooter.java:240) [surefire-booter-2.19.jar:2.19]
	at org.apache.maven.surefire.booter.ForkedBooter.main(ForkedBooter.java:121) [surefire-booter-2.19.jar:2.19]
2020-01-30 11:17:28,146 INFO  [main][][org.onap.vfc.nfvo.multivimproxy.common.util.restclient.RestHttpContentExchange 118] Response has Complete:path:/the/request/uri
2020-01-30 11:17:28,146 INFO  [main][][org.onap.vfc.nfvo.multivimproxy.common.util.restclient.RestHttpContentExchange 118] Response has Complete:path:/the/request/uri
2020-01-30 11:17:28,146 INFO  [main][][org.onap.vfc.nfvo.multivimproxy.common.util.restclient.RestHttpContentExchange 118] Response has Complete:path:/the/request/uri
2020-01-30 11:17:28,147 WARN  [main][][org.onap.vfc.nfvo.multivimproxy.common.util.restclient.RestHttpContentExchange 145] onException:
java.lang.Exception: null
	at org.onap.vfc.nfvo.multivimproxy.common.util.restclient.TestRestHttpContentExchange.testOnExceptionThrowableWithCallback(TestRestHttpContentExchange.java:386) [test-classes/:?]
	at sun.reflect.NativeMethodAccessorImpl.invoke0(Native Method) ~[?:1.8.0_201]
	at sun.reflect.NativeMethodAccessorImpl.invoke(NativeMethodAccessorImpl.java:62) ~[?:1.8.0_201]
	at sun.reflect.DelegatingMethodAccessorImpl.invoke(DelegatingMethodAccessorImpl.java:43) ~[?:1.8.0_201]
	at java.lang.reflect.Method.invoke(Method.java:498) ~[?:1.8.0_201]
	at org.junit.runners.model.FrameworkMethod$1.runReflectiveCall(FrameworkMethod.java:50) [junit-4.12.jar:4.12]
	at org.junit.internal.runners.model.ReflectiveCallable.run(ReflectiveCallable.java:12) [junit-4.12.jar:4.12]
	at org.junit.runners.model.FrameworkMethod.invokeExplosively(FrameworkMethod.java:47) [junit-4.12.jar:4.12]
	at mockit.integration.junit4.internal.JUnit4TestRunnerDecorator.executeTestMethod(JUnit4TestRunnerDecorator.java:156) [jmockit-1.19.jar:?]
	at mockit.integration.junit4.internal.JUnit4TestRunnerDecorator.invokeExplosively(JUnit4TestRunnerDecorator.java:65) [jmockit-1.19.jar:?]
	at mockit.integration.junit4.internal.MockFrameworkMethod.invokeExplosively(MockFrameworkMethod.java:37) [jmockit-1.19.jar:?]
	at org.junit.runners.model.FrameworkMethod.invokeExplosively(FrameworkMethod.java) [junit-4.12.jar:4.12]
	at org.junit.internal.runners.statements.InvokeMethod.evaluate(InvokeMethod.java:17) [junit-4.12.jar:4.12]
	at org.junit.internal.runners.statements.RunBefores.evaluate(RunBefores.java:26) [junit-4.12.jar:4.12]
	at org.junit.internal.runners.statements.RunAfters.evaluate(RunAfters.java:27) [junit-4.12.jar:4.12]
	at org.junit.rules.ExpectedException$ExpectedExceptionStatement.evaluate(ExpectedException.java:239) [junit-4.12.jar:4.12]
	at org.junit.rules.RunRules.evaluate(RunRules.java:20) [junit-4.12.jar:4.12]
	at org.junit.runners.ParentRunner.runLeaf(ParentRunner.java:325) [junit-4.12.jar:4.12]
	at org.junit.runners.BlockJUnit4ClassRunner.runChild(BlockJUnit4ClassRunner.java:78) [junit-4.12.jar:4.12]
	at org.junit.runners.BlockJUnit4ClassRunner.runChild(BlockJUnit4ClassRunner.java:57) [junit-4.12.jar:4.12]
	at org.junit.runners.ParentRunner$3.run(ParentRunner.java:290) [junit-4.12.jar:4.12]
	at org.junit.runners.ParentRunner$1.schedule(ParentRunner.java:71) [junit-4.12.jar:4.12]
	at org.junit.runners.ParentRunner.runChildren(ParentRunner.java:288) [junit-4.12.jar:4.12]
	at org.junit.runners.ParentRunner.access$000(ParentRunner.java:58) [junit-4.12.jar:4.12]
	at org.junit.runners.ParentRunner$2.evaluate(ParentRunner.java:268) [junit-4.12.jar:4.12]
	at org.junit.internal.runners.statements.RunBefores.evaluate(RunBefores.java:26) [junit-4.12.jar:4.12]
	at org.junit.internal.runners.statements.RunAfters.evaluate(RunAfters.java:27) [junit-4.12.jar:4.12]
	at org.junit.runners.ParentRunner.run(ParentRunner.java:363) [junit-4.12.jar:4.12]
	at org.apache.maven.surefire.junit4.JUnit4Provider.execute(JUnit4Provider.java:344) [surefire-junit4-2.19.jar:2.19]
	at org.apache.maven.surefire.junit4.JUnit4Provider.executeWithRerun(JUnit4Provider.java:269) [surefire-junit4-2.19.jar:2.19]
	at org.apache.maven.surefire.junit4.JUnit4Provider.executeTestSet(JUnit4Provider.java:240) [surefire-junit4-2.19.jar:2.19]
	at org.apache.maven.surefire.junit4.JUnit4Provider.invoke(JUnit4Provider.java:184) [surefire-junit4-2.19.jar:2.19]
	at org.apache.maven.surefire.booter.ForkedBooter.invokeProviderInSameClassLoader(ForkedBooter.java:286) [surefire-booter-2.19.jar:2.19]
	at org.apache.maven.surefire.booter.ForkedBooter.runSuitesInProcess(ForkedBooter.java:240) [surefire-booter-2.19.jar:2.19]
	at org.apache.maven.surefire.booter.ForkedBooter.main(ForkedBooter.java:121) [surefire-booter-2.19.jar:2.19]
2020-01-30 11:17:28,331 INFO  [main][][org.onap.vfc.nfvo.multivimproxy.common.util.response.RoaResponseUtil 72] function=add; msg=add result0
2020-01-30 11:17:28,370 INFO  [main][][org.onap.vfc.nfvo.multivimproxy.common.util.response.RoaResponseUtil 59] function=get; msg=get map:{data=null}
2020-01-30 11:17:28,409 INFO  [main][][org.onap.vfc.nfvo.multivimproxy.common.util.response.RoaResponseUtil 72] function=add; msg=add result2
2020-01-30 11:17:28,448 INFO  [main][][org.onap.vfc.nfvo.multivimproxy.common.util.response.RoaResponseUtil 89] function=update; msg=update result2
2020-01-30 11:17:28,487 INFO  [main][][org.onap.vfc.nfvo.multivimproxy.common.util.response.RoaResponseUtil 106] function=delete; msg=delete result0
2020-01-30 11:17:28,525 INFO  [main][][org.onap.vfc.nfvo.multivimproxy.common.util.response.RoaResponseUtil 106] function=delete; msg=delete result-1
2020-01-30 11:17:28,564 INFO  [main][][org.onap.vfc.nfvo.multivimproxy.common.util.response.RoaResponseUtil 89] function=update; msg=update result0
2020-01-30 11:17:28,581 ERROR [main][][org.onap.vfc.nfvo.multivimproxy.service.adapter.impl.MultivimProxyAdapterMgrService 102] null/etc/adapterInfo/resmgradapterinfo.jsonis not found!
java.io.FileNotFoundException: null/etc/adapterInfo/resmgradapterinfo.json (No such file or directory)
	at java.io.FileInputStream.open0(Native Method) ~[?:1.8.0_201]
	at java.io.FileInputStream.open(FileInputStream.java:195) ~[?:1.8.0_201]
	at java.io.FileInputStream.<init>(FileInputStream.java:138) ~[?:1.8.0_201]
	at java.io.FileInputStream.<init>(FileInputStream.java:93) ~[?:1.8.0_201]
	at org.onap.vfc.nfvo.multivimproxy.service.adapter.impl.MultivimProxyAdapterMgrService.readVimAdapterInfoFromJson(MultivimProxyAdapterMgrService.java:92) [classes/:?]
	at org.onap.vfc.nfvo.multivimproxy.service.adapter.impl.MultivimProxyAdapterMgrServiceTest.testReadVimAdapterInfoFromJson(MultivimProxyAdapterMgrServiceTest.java:42) [test-classes/:?]
	at sun.reflect.NativeMethodAccessorImpl.invoke0(Native Method) ~[?:1.8.0_201]
	at sun.reflect.NativeMethodAccessorImpl.invoke(NativeMethodAccessorImpl.java:62) ~[?:1.8.0_201]
	at sun.reflect.DelegatingMethodAccessorImpl.invoke(DelegatingMethodAccessorImpl.java:43) ~[?:1.8.0_201]
	at java.lang.reflect.Method.invoke(Method.java:498) ~[?:1.8.0_201]
	at org.junit.runners.model.FrameworkMethod$1.runReflectiveCall(FrameworkMethod.java:50) [junit-4.12.jar:4.12]
	at org.junit.internal.runners.model.ReflectiveCallable.run(ReflectiveCallable.java:12) [junit-4.12.jar:4.12]
	at org.junit.runners.model.FrameworkMethod.invokeExplosively(FrameworkMethod.java:47) [junit-4.12.jar:4.12]
	at mockit.integration.junit4.internal.JUnit4TestRunnerDecorator.executeTestMethod(JUnit4TestRunnerDecorator.java:156) [jmockit-1.19.jar:?]
	at mockit.integration.junit4.internal.JUnit4TestRunnerDecorator.invokeExplosively(JUnit4TestRunnerDecorator.java:65) [jmockit-1.19.jar:?]
	at mockit.integration.junit4.internal.MockFrameworkMethod.invokeExplosively(MockFrameworkMethod.java:37) [jmockit-1.19.jar:?]
	at org.junit.runners.model.FrameworkMethod.invokeExplosively(FrameworkMethod.java) [junit-4.12.jar:4.12]
	at org.junit.internal.runners.statements.InvokeMethod.evaluate(InvokeMethod.java:17) [junit-4.12.jar:4.12]
	at org.junit.internal.runners.statements.RunBefores.evaluate(RunBefores.java:26) [junit-4.12.jar:4.12]
	at org.junit.runners.ParentRunner.runLeaf(ParentRunner.java:325) [junit-4.12.jar:4.12]
	at org.junit.runners.BlockJUnit4ClassRunner.runChild(BlockJUnit4ClassRunner.java:78) [junit-4.12.jar:4.12]
	at org.junit.runners.BlockJUnit4ClassRunner.runChild(BlockJUnit4ClassRunner.java:57) [junit-4.12.jar:4.12]
	at org.junit.runners.ParentRunner$3.run(ParentRunner.java:290) [junit-4.12.jar:4.12]
	at org.junit.runners.ParentRunner$1.schedule(ParentRunner.java:71) [junit-4.12.jar:4.12]
	at org.junit.runners.ParentRunner.runChildren(ParentRunner.java:288) [junit-4.12.jar:4.12]
	at org.junit.runners.ParentRunner.access$000(ParentRunner.java:58) [junit-4.12.jar:4.12]
	at org.junit.runners.ParentRunner$2.evaluate(ParentRunner.java:268) [junit-4.12.jar:4.12]
	at org.junit.runners.ParentRunner.run(ParentRunner.java:363) [junit-4.12.jar:4.12]
	at org.apache.maven.surefire.junit4.JUnit4Provider.execute(JUnit4Provider.java:344) [surefire-junit4-2.19.jar:2.19]
	at org.apache.maven.surefire.junit4.JUnit4Provider.executeWithRerun(JUnit4Provider.java:269) [surefire-junit4-2.19.jar:2.19]
	at org.apache.maven.surefire.junit4.JUnit4Provider.executeTestSet(JUnit4Provider.java:240) [surefire-junit4-2.19.jar:2.19]
	at org.apache.maven.surefire.junit4.JUnit4Provider.invoke(JUnit4Provider.java:184) [surefire-junit4-2.19.jar:2.19]
	at org.apache.maven.surefire.booter.ForkedBooter.invokeProviderInSameClassLoader(ForkedBooter.java:286) [surefire-booter-2.19.jar:2.19]
	at org.apache.maven.surefire.booter.ForkedBooter.runSuitesInProcess(ForkedBooter.java:240) [surefire-booter-2.19.jar:2.19]
	at org.apache.maven.surefire.booter.ForkedBooter.main(ForkedBooter.java:121) [surefire-booter-2.19.jar:2.19]
2020-01-30 11:17:28,582 ERROR [main][][org.onap.vfc.nfvo.multivimproxy.service.adapter.impl.MultivimProxyAdapterMgrService 102] null/etc/adapterInfo/resmgradapterinfo.jsonis not found!
java.io.FileNotFoundException: null/etc/adapterInfo/resmgradapterinfo.json (No such file or directory)
	at java.io.FileInputStream.open0(Native Method) ~[?:1.8.0_201]
	at java.io.FileInputStream.open(FileInputStream.java:195) ~[?:1.8.0_201]
	at java.io.FileInputStream.<init>(FileInputStream.java:138) ~[?:1.8.0_201]
	at java.io.FileInputStream.<init>(FileInputStream.java:93) ~[?:1.8.0_201]
	at org.onap.vfc.nfvo.multivimproxy.service.adapter.impl.MultivimProxyAdapterMgrService.readVimAdapterInfoFromJson(MultivimProxyAdapterMgrService.java:92) [classes/:?]
	at org.onap.vfc.nfvo.multivimproxy.service.adapter.impl.MultivimProxyAdapterMgrService.register(MultivimProxyAdapterMgrService.java:63) [classes/:?]
	at org.onap.vfc.nfvo.multivimproxy.service.adapter.impl.MultivimProxyAdapterMgrServiceTest.testRegister(MultivimProxyAdapterMgrServiceTest.java:36) [test-classes/:?]
	at sun.reflect.NativeMethodAccessorImpl.invoke0(Native Method) ~[?:1.8.0_201]
	at sun.reflect.NativeMethodAccessorImpl.invoke(NativeMethodAccessorImpl.java:62) ~[?:1.8.0_201]
	at sun.reflect.DelegatingMethodAccessorImpl.invoke(DelegatingMethodAccessorImpl.java:43) ~[?:1.8.0_201]
	at java.lang.reflect.Method.invoke(Method.java:498) ~[?:1.8.0_201]
	at org.junit.runners.model.FrameworkMethod$1.runReflectiveCall(FrameworkMethod.java:50) [junit-4.12.jar:4.12]
	at org.junit.internal.runners.model.ReflectiveCallable.run(ReflectiveCallable.java:12) [junit-4.12.jar:4.12]
	at org.junit.runners.model.FrameworkMethod.invokeExplosively(FrameworkMethod.java:47) [junit-4.12.jar:4.12]
	at mockit.integration.junit4.internal.JUnit4TestRunnerDecorator.executeTestMethod(JUnit4TestRunnerDecorator.java:156) [jmockit-1.19.jar:?]
	at mockit.integration.junit4.internal.JUnit4TestRunnerDecorator.invokeExplosively(JUnit4TestRunnerDecorator.java:65) [jmockit-1.19.jar:?]
	at mockit.integration.junit4.internal.MockFrameworkMethod.invokeExplosively(MockFrameworkMethod.java:37) [jmockit-1.19.jar:?]
	at org.junit.runners.model.FrameworkMethod.invokeExplosively(FrameworkMethod.java) [junit-4.12.jar:4.12]
	at org.junit.internal.runners.statements.InvokeMethod.evaluate(InvokeMethod.java:17) [junit-4.12.jar:4.12]
	at org.junit.internal.runners.statements.RunBefores.evaluate(RunBefores.java:26) [junit-4.12.jar:4.12]
	at org.junit.runners.ParentRunner.runLeaf(ParentRunner.java:325) [junit-4.12.jar:4.12]
	at org.junit.runners.BlockJUnit4ClassRunner.runChild(BlockJUnit4ClassRunner.java:78) [junit-4.12.jar:4.12]
	at org.junit.runners.BlockJUnit4ClassRunner.runChild(BlockJUnit4ClassRunner.java:57) [junit-4.12.jar:4.12]
	at org.junit.runners.ParentRunner$3.run(ParentRunner.java:290) [junit-4.12.jar:4.12]
	at org.junit.runners.ParentRunner$1.schedule(ParentRunner.java:71) [junit-4.12.jar:4.12]
	at org.junit.runners.ParentRunner.runChildren(ParentRunner.java:288) [junit-4.12.jar:4.12]
	at org.junit.runners.ParentRunner.access$000(ParentRunner.java:58) [junit-4.12.jar:4.12]
	at org.junit.runners.ParentRunner$2.evaluate(ParentRunner.java:268) [junit-4.12.jar:4.12]
	at org.junit.runners.ParentRunner.run(ParentRunner.java:363) [junit-4.12.jar:4.12]
	at org.apache.maven.surefire.junit4.JUnit4Provider.execute(JUnit4Provider.java:344) [surefire-junit4-2.19.jar:2.19]
	at org.apache.maven.surefire.junit4.JUnit4Provider.executeWithRerun(JUnit4Provider.java:269) [surefire-junit4-2.19.jar:2.19]
	at org.apache.maven.surefire.junit4.JUnit4Provider.executeTestSet(JUnit4Provider.java:240) [surefire-junit4-2.19.jar:2.19]
	at org.apache.maven.surefire.junit4.JUnit4Provider.invoke(JUnit4Provider.java:184) [surefire-junit4-2.19.jar:2.19]
	at org.apache.maven.surefire.booter.ForkedBooter.invokeProviderInSameClassLoader(ForkedBooter.java:286) [surefire-booter-2.19.jar:2.19]
	at org.apache.maven.surefire.booter.ForkedBooter.runSuitesInProcess(ForkedBooter.java:240) [surefire-booter-2.19.jar:2.19]
	at org.apache.maven.surefire.booter.ForkedBooter.main(ForkedBooter.java:121) [surefire-booter-2.19.jar:2.19]
2020-01-30 11:17:28,583 ERROR [main][][org.onap.vfc.nfvo.multivimproxy.service.adapter.impl.MultivimProxyAdapterMgrService 69] Resmgr info is null,please check!
2020-01-30 11:17:28,611 ERROR [main][][org.onap.vfc.nfvo.multivimproxy.service.adapter.impl.MultivimProxyAdapter2MSBManager 81] function=unregisterProxy,  RestfulResponse is null
2020-01-30 11:17:28,612 ERROR [main][][org.onap.vfc.nfvo.multivimproxy.service.adapter.impl.MultivimProxyAdapter2MSBManager 49] function=registerResmgr,  RestfulResponse is null
